2021-05-04 07:22:56 INFO  SeleniumGG:27 - Anasayfa açıldı.
2021-05-04 07:23:02 INFO  SeleniumGG:35 - Başarıyla giriş yapıldı.
2021-05-04 07:23:10 INFO  SeleniumGG:41 - 2.sayfa açıldı
2021-05-04 07:23:15 INFO  SeleniumGG:51 - Ürün fiyatı ile sepet fiyatı aynı.
2021-05-04 07:23:15 INFO  SeleniumGG:54 - Ürün sayısı artırıldı
2021-05-04 07:23:16 INFO  SeleniumGG:58 - Sepet boşaltıldı.
2021-05-04 08:27:34 INFO  SeleniumGG:27 - Anasayfa açıldı.
2021-05-04 08:27:41 INFO  SeleniumGG:35 - Başarıyla giriş yapıldı.
2021-05-04 08:27:50 INFO  SeleniumGG:41 - 2.sayfa açıldı
2021-05-04 08:28:16 INFO  SeleniumGG:27 - Anasayfa açıldı.
2021-05-04 08:28:22 INFO  SeleniumGG:35 - Başarıyla giriş yapıldı.
2021-05-04 08:28:31 INFO  SeleniumGG:41 - 2.sayfa açıldı
2021-05-04 08:28:36 INFO  SeleniumGG:51 - Ürün fiyatı ile sepet fiyatı aynı.
2021-05-04 08:28:36 INFO  SeleniumGG:54 - Ürün sayısı artırıldı
2021-05-04 08:28:37 INFO  SeleniumGG:58 - Sepet boşaltıldı.
2021-05-05 15:24:07 INFO  SeleniumGG:27 - Anasayfa açıldı.
2021-05-05 15:24:14 INFO  SeleniumGG:35 - Başarıyla giriş yapıldı.
2021-05-05 15:24:23 INFO  SeleniumGG:41 - 2.sayfa açıldı
2021-05-05 15:24:32 INFO  SeleniumGG:51 - Ürün fiyatı ile sepet fiyatı aynı.
2021-05-05 15:24:33 INFO  SeleniumGG:54 - Ürün sayısı artırıldı
2021-05-05 15:24:34 INFO  SeleniumGG:58 - Sepet boşaltıldı.
